[arrayd | matriz (var)]
array[0..|] of ;

[arrayc | matriz (const)]
array[0..|] of = ();

[cases | case (condicional)]
case | of
  : ;
  : ;
end;
  
[casee | case (condicional) (com else)]
case | of
  : ;
  : ;
else ;
end;
  
[classf | class (completa)]
T| = class(T)
private

protected

public

published 

end;

[classd | class (resumida)]
T| = class(T)

end;

[classc | class (com Create/Destroy overrides)]
T| = class(T)
private

protected

public
  constructor Create; override;
  destructor Destroy; override;
published 

end;

[fors | for (sem begin/end)]
for | :=  to  do

[forb | for (completo)]
for | :=  to  do
begin

end;

[function | função]
function |(): ;
begin

end;

[ifs | if (sem begin/end)]
if | then

[ifb | if (completo)]
if | then
begin

end;

[ife | if then (sem begin/end) else (sem begin/end)]
if | then

else

[ifeb | if then else]
if | then
begin

end
else
begin

end;

[procedure | procedimento]
procedure |();
begin

end;

[trye | try except]
try
  | 
except

end;

[tryf | try finally]
try
  | 
finally

end;

[trycf | try finally (com Create/Free)]
|variable := typename.Create; 
try

finally
  variable.Free;
end;

[whileb | while (completo)]
while | do
begin

end;

[whiles | while (sem begin)]
while | do

[withb | with (completo)]
with | do
begin

end;

[withs | with (sem begin)]
with | do
