Delphi 6 Build 6.0.6.163 ===================

Added "C:\Projetos\XMaker\XMAKER~3\COMPON~1\JVCL300\jcl\lib\D6;C:\Projetos\XMaker\XMAKER~3\COMPON~1\JVCL300\jcl\source" to library path.

Added "C:\Projetos\XMaker\XMAKER~3\COMPON~1\JVCL300\jcl\source\common;C:\Projetos\XMaker\XMAKER~3\COMPON~1\JVCL300\jcl\source\windows;C:\Projetos\XMaker\XMAKER~3\COMPON~1\JVCL300\jcl\source\vcl;C:\Projetos\XMaker\XMAKER~3\COMPON~1\JVCL300\jcl\source\visclx;" to library browsing path.

Added "C:\Projetos\XMaker\XMAKER~3\COMPON~1\JVCL300\jcl\lib\D6\debug" to Debug DCU Path.

Making common library units for Delphi 6

Compiling .dcu files...
Borland Delphi Version 14.0
Copyright (c) 1983,2001 Borland Software Corporation
133824 lines, 1.45 seconds, 787 bytes code, 68 bytes data.

Making windows library units for Delphi 6

Compiling .dcu files...
Borland Delphi Version 14.0
Copyright (c) 1983,2001 Borland Software Corporation
127831 lines, 1.53 seconds, 47501 bytes code, 16736 bytes data.

Making vcl library units for Delphi 6

Compiling .dcu files...
Borland Delphi Version 14.0
Copyright (c) 1983,2001 Borland Software Corporation
13215 lines, 0.14 seconds, 8476 bytes code, 8 bytes data.

Making common library debug units for Delphi 6

Compiling .dcu files...
Borland Delphi Version 14.0
Copyright (c) 1983,2001 Borland Software Corporation
133824 lines, 0.58 seconds, 913 bytes code, 68 bytes data.

Making windows library debug units for Delphi 6

Compiling .dcu files...
Borland Delphi Version 14.0
Copyright (c) 1983,2001 Borland Software Corporation
127831 lines, 0.64 seconds, 47637 bytes code, 16736 bytes data.

Making vcl library debug units for Delphi 6

Compiling .dcu files...
Borland Delphi Version 14.0
Copyright (c) 1983,2001 Borland Software Corporation
13215 lines, 0.11 seconds, 10515 bytes code, 8 bytes data.

Installing package C:\Projetos\XMaker\XMAKER~3\COMPON~1\JVCL300\jcl\packages\d6\DJcl.dpk...
Borland Delphi Version 14.0
Copyright (c) 1983,2001 Borland Software Corporation
126 lines, 0.36 seconds, 753952 bytes code, 44065 bytes data.
...done.

Installing package C:\Projetos\XMaker\XMAKER~3\COMPON~1\JVCL300\jcl\packages\d6\DJclVClx.dpk...
Borland Delphi Version 14.0
Copyright (c) 1983,2001 Borland Software Corporation
6568 lines, 0.17 seconds, 24912 bytes code, 589 bytes data.
...done.

Installing package C:\Projetos\XMaker\XMAKER~3\COMPON~1\JVCL300\jcl\packages\d6\DJclVcl.dpk...
Borland Delphi Version 14.0
Copyright (c) 1983,2001 Borland Software Corporation
51 lines, 0.16 seconds, 69332 bytes code, 893 bytes data.
...done.

Installing package C:\Projetos\XMaker\XMAKER~3\COMPON~1\JVCL300\jcl\examples\vcl\debugextension\JclDebugIdeD60.dpk...
Borland Delphi Version 14.0
Copyright (c) 1983,2001 Borland Software Corporation
3936 lines, 0.12 seconds, 15640 bytes code, 161 bytes data.
...done.

Installing package C:\Projetos\XMaker\XMAKER~3\COMPON~1\JVCL300\jcl\examples\vcl\projectanalyzer\ProjectAnalyzerD60.dpk...
Borland Delphi Version 14.0
Copyright (c) 1983,2001 Borland Software Corporation
3851 lines, 0.06 seconds, 17756 bytes code, 161 bytes data.
...done.

Installing package C:\Projetos\XMaker\XMAKER~3\COMPON~1\JVCL300\jcl\examples\vcl\idefavopendialogs\IdeOpenDlgFavoriteD60.dpk...
Borland Delphi Version 14.0
Copyright (c) 1983,2001 Borland Software Corporation
4896 lines, 0.08 seconds, 10100 bytes code, 173 bytes data.
...done.

Installing package C:\Projetos\XMaker\XMAKER~3\COMPON~1\JVCL300\jcl\examples\vcl\debugextension\threadnames\ThreadNameExpertD60.dpk...
Borland Delphi Version 14.0
Copyright (c) 1983,2001 Borland Software Corporation
4924 lines, 0.06 seconds, 9432 bytes code, 161 bytes data.
...done.

Installing package C:\Projetos\XMaker\XMAKER~3\COMPON~1\JVCL300\jcl\examples\vcl\juw\JediUsesD60.dpk...
Borland Delphi Version 14.0
Copyright (c) 1983,2001 Borland Software Corporation
6127 lines, 0.06 seconds, 25836 bytes code, 233 bytes data.
...done.

Installing Exception Dialog...
-> C:\PROJETOS\XMAKER\XMAKER~3\COMPON~1\JVCL300\JCL\EXAMPLES\VCL\DEBUGE~1\DIALOG\EXCEPTDLG.PAS
-> C:\PROJETOS\XMAKER\XMAKER~3\COMPON~1\JVCL300\JCL\EXAMPLES\VCL\DEBUGE~1\DIALOG\EXCEPTDLG.ico
...done.

Installing Exception Dialog with Send...
-> C:\PROJETOS\XMAKER\XMAKER~3\COMPON~1\JVCL300\JCL\EXAMPLES\VCL\DEBUGE~1\DIALOG\EXCEPTDLGMAIL.PAS
-> C:\PROJETOS\XMAKER\XMAKER~3\COMPON~1\JVCL300\JCL\EXAMPLES\VCL\DEBUGE~1\DIALOG\EXCEPTDLGMAIL.ico
...done.

