Delphi 5 Build 5.0.6.18 ====================

Added "C:\Projetos\XMaker\XMAKER~3\COMPON~1\JVCL300\jcl\lib\D5;C:\Projetos\XMaker\XMAKER~3\COMPON~1\JVCL300\jcl\source" to library path.

Added "C:\Projetos\XMaker\XMAKER~3\COMPON~1\JVCL300\jcl\source\common;C:\Projetos\XMaker\XMAKER~3\COMPON~1\JVCL300\jcl\source\windows;C:\Projetos\XMaker\XMAKER~3\COMPON~1\JVCL300\jcl\source\vcl;C:\Projetos\XMaker\XMAKER~3\COMPON~1\JVCL300\jcl\source\visclx;" to library browsing path.

Added "C:\Projetos\XMaker\XMAKER~3\COMPON~1\JVCL300\jcl\lib\D5\debug" to Debug DCU Path.

Making common library units for Delphi 5

Compiling .dcu files...
Borland Delphi  Version 13.0  Copyright (c) 1983,99 Inprise Corporation
216340 lines, 1.05 seconds, 787 bytes code, 68 bytes data.

Making windows library units for Delphi 5

Compiling .dcu files...
Borland Delphi  Version 13.0  Copyright (c) 1983,99 Inprise Corporation
JclCIL.pas(782) Warning: Constant expression violates subrange bounds
118869 lines, 0.55 seconds, 47501 bytes code, 16736 bytes data.

Making vcl library units for Delphi 5

Compiling .dcu files...
Borland Delphi  Version 13.0  Copyright (c) 1983,99 Inprise Corporation
17075 lines, 0.25 seconds, 8479 bytes code, 8 bytes data.

Making common library debug units for Delphi 5

Compiling .dcu files...
Borland Delphi  Version 13.0  Copyright (c) 1983,99 Inprise Corporation
216340 lines, 0.69 seconds, 913 bytes code, 68 bytes data.

Making windows library debug units for Delphi 5

Compiling .dcu files...
Borland Delphi  Version 13.0  Copyright (c) 1983,99 Inprise Corporation
JclCIL.pas(782) Warning: Constant expression violates subrange bounds
118869 lines, 0.50 seconds, 47637 bytes code, 16736 bytes data.

Making vcl library debug units for Delphi 5

Compiling .dcu files...
Borland Delphi  Version 13.0  Copyright (c) 1983,99 Inprise Corporation
17075 lines, 0.11 seconds, 10514 bytes code, 8 bytes data.

Installing package C:\Projetos\XMaker\XMAKER~3\COMPON~1\JVCL300\jcl\packages\d5\DJcl50.dpk...
Borland Delphi  Version 13.0  Copyright (c) 1983,99 Inprise Corporation
Hint: Package 'DJcl50' does not use or export 'JclMath.DoubleToHex'
Hint: Package 'DJcl50' does not use or export 'JclMath.HexToDouble'
Hint: Package 'DJcl50' does not use or export 'JclMath._180'
Hint: Package 'DJcl50' does not use or export 'JclMath._200'
Hint: Package 'DJcl50' does not use or export 'JclMath.FDegToRad'
Hint: Package 'DJcl50' does not use or export 'JclMath.FRadToDeg'
Hint: Package 'DJcl50' does not use or export 'JclMath.FGradToRad'
Hint: Package 'DJcl50' does not use or export 'JclMath.FRadToGrad'
Hint: Package 'DJcl50' does not use or export 'JclMath.RectInfinity'
Hint: Package 'DJcl50' does not use or export 'JclEDISEF.InternalParseCOMSDataOfCOMSDefinition'
Hint: Package 'DJcl50' does not use or export 'JclEDISEF.InternalParseSEGSDataOfSEGSDefinition'
Hint: Package 'DJcl50' does not use or export 'JclExprEval.TExprVirtMachNode.GenCode'
Hint: Package 'DJcl50' does not use or export 'JclRTTI.DeReferenceType'
Hint: Package 'DJcl50' does not use or export 'JclRTTI.NewInfoItem'
Hint: Package 'DJcl50' does not use or export 'JclRTTI.JclAsClass'
Hint: Package 'DJcl50' does not use or export 'JclSchedule.TContainedObject.QueryInterface'
Hint: Package 'DJcl50' does not use or export 'JclSchedule.TScheduleAggregate.ValidStamp'
Hint: Package 'DJcl50' does not use or export 'JclSchedule.TScheduleAggregate.MakeValidStamp'
Hint: Package 'DJcl50' does not use or export 'JclSchedule.TScheduleAggregate.NextValidStamp'
Hint: Package 'DJcl50' does not use or export 'JclSchedule.TDailyFreq.ValidStamp'
Hint: Package 'DJcl50' does not use or export 'JclStatistics.ChiSquare'
Hint: Package 'DJcl50' does not use or export 'JclMetadata.ClrTableEventFlagMapping'
Hint: Package 'DJcl50' does not use or export 'JclHookExcept.HookExceptModuleList'
Hint: Package 'DJcl50' does not use or export 'JclHookExcept.JclHookExceptDebugHook'
Hint: Package 'DJcl50' does not use or export 'JclHookExcept.JclHookExceptDebugHookProc'
Hint: Package 'DJcl50' does not use or export 'JclHookExcept.CallExportedHookExceptProc'
Hint: Package 'DJcl50' does not use or export 'JclHookExcept.FinalizeLibrariesHookExcept'
Hint: Package 'DJcl50' does not use or export 'JclHookExcept.TJclHookExceptModuleList.Create'
Hint: Package 'DJcl50' does not use or export 'JclHookExcept.TJclHookExceptModuleList.Destroy'
Hint: Package 'DJcl50' does not use or export 'JclHookExcept.TJclHookExceptModuleList.HookModule'
Hint: Package 'DJcl50' does not use or export 'JclHookExcept.TJclHookExceptModuleList.HookStaticModules'
Hint: Package 'DJcl50' does not use or export 'JclHookExcept.TJclHookExceptModuleList.JclHookExceptDebugHookAddr'
Hint: Package 'DJcl50' does not use or export 'JclHookExcept.TJclHookExceptModuleList.List'
Hint: Package 'DJcl50' does not use or export 'JclHookExcept.TJclHookExceptModuleList.UnhookModule'
Hint: Package 'DJcl50' does not use or export 'JclLANMan.DeleteGlobalGroup'
Hint: Package 'DJcl50' does not use or export 'JclLANMan.DWORDToRID'
Hint: Package 'DJcl50' does not use or export 'JclNTFS.IsReparseTagValid'
Hint: Package 'DJcl50' does not use or export 'JclStructStorage.StgCreateStorageEx'
Hint: Package 'DJcl50' does not use or export 'JclStructStorage.StgOpenStorageEx'
Hint: Package 'DJcl50' does not use or export 'JclGraphUtils.Gray16'
131 lines, 0.38 seconds, 1111856 bytes code, 46401 bytes data.
...done.

Installing package C:\Projetos\XMaker\XMAKER~3\COMPON~1\JVCL300\jcl\examples\vcl\debugextension\JclDebugIdeD50.dpk...
Borland Delphi  Version 13.0  Copyright (c) 1983,99 Inprise Corporation
3934 lines, 0.05 seconds, 18036 bytes code, 161 bytes data.
...done.

Installing package C:\Projetos\XMaker\XMAKER~3\COMPON~1\JVCL300\jcl\examples\vcl\projectanalyzer\ProjectAnalyzerD50.dpk...
Borland Delphi  Version 13.0  Copyright (c) 1983,99 Inprise Corporation
3850 lines, 0.05 seconds, 20528 bytes code, 161 bytes data.
...done.

Installing package C:\Projetos\XMaker\XMAKER~3\COMPON~1\JVCL300\jcl\examples\vcl\idefavopendialogs\IdeOpenDlgFavoriteD50.dpk...
Borland Delphi  Version 13.0  Copyright (c) 1983,99 Inprise Corporation
4896 lines, 0.05 seconds, 11336 bytes code, 173 bytes data.
...done.

Installing package C:\Projetos\XMaker\XMAKER~3\COMPON~1\JVCL300\jcl\examples\vcl\debugextension\threadnames\ThreadNameExpertD50.dpk...
Borland Delphi  Version 13.0  Copyright (c) 1983,99 Inprise Corporation
4923 lines, 0.05 seconds, 11012 bytes code, 161 bytes data.
...done.

Installing package C:\Projetos\XMaker\XMAKER~3\COMPON~1\JVCL300\jcl\examples\vcl\juw\JediUsesD50.dpk...
Borland Delphi  Version 13.0  Copyright (c) 1983,99 Inprise Corporation
Hint: Package 'JediUsesD50' does not use or export 'JclParseUses.ReadIdentifier'
Hint: Package 'JediUsesD50' does not use or export 'JclUsesWizard.TLine.Create'
Hint: Package 'JediUsesD50' does not use or export 'JclUsesWizard.TLine.Destroy'
Hint: Package 'JediUsesD50' does not use or export 'JclUsesWizard.TLine.GetLineText'
Hint: Package 'JediUsesD50' does not use or export 'JclUsesWizard.ReadString'
Hint: Package 'JediUsesD50' does not use or export 'JclUsesWizard.TJCLUsesWizard.SetConfirmChanges'
6126 lines, 0.05 seconds, 35400 bytes code, 233 bytes data.
...done.

Installing Exception Dialog...
-> C:\PROJETOS\XMAKER\XMAKER~3\COMPON~1\JVCL300\JCL\EXAMPLES\VCL\DEBUGE~1\DIALOG\EXCEPTDLG.PAS
-> C:\PROJETOS\XMAKER\XMAKER~3\COMPON~1\JVCL300\JCL\EXAMPLES\VCL\DEBUGE~1\DIALOG\EXCEPTDLG.ico
...done.

Installing Exception Dialog with Send...
-> C:\PROJETOS\XMAKER\XMAKER~3\COMPON~1\JVCL300\JCL\EXAMPLES\VCL\DEBUGE~1\DIALOG\EXCEPTDLGMAIL.PAS
-> C:\PROJETOS\XMAKER\XMAKER~3\COMPON~1\JVCL300\JCL\EXAMPLES\VCL\DEBUGE~1\DIALOG\EXCEPTDLGMAIL.ico
...done.

