Delphi 7 Build 7.0.8.1 =====================

Added "C:\XMAKER~2\COMPON~1\JVCL300\Jcl\lib\D7;C:\XMAKER~2\COMPON~1\JVCL300\Jcl\source" to library path.

Added "C:\XMAKER~2\COMPON~1\JVCL300\Jcl\source\common;C:\XMAKER~2\COMPON~1\JVCL300\Jcl\source\windows;C:\XMAKER~2\COMPON~1\JVCL300\Jcl\source\vcl;C:\XMAKER~2\COMPON~1\JVCL300\Jcl\source\visclx;" to library browsing path.

Added "C:\XMAKER~2\COMPON~1\JVCL300\Jcl\lib\D7\debug" to Debug DCU Path.

Making common library units for Delphi 7

Compiling .dcu files...
Borland Delphi Version 15.0
Copyright (c) 1983,2002 Borland Software Corporation
133824 lines, 0.62 seconds, 803 bytes code, 68 bytes data.

Making windows library units for Delphi 7

Compiling .dcu files...
Borland Delphi Version 15.0
Copyright (c) 1983,2002 Borland Software Corporation
127831 lines, 0.64 seconds, 47501 bytes code, 16736 bytes data.

Making vcl library units for Delphi 7

Compiling .dcu files...
Borland Delphi Version 15.0
Copyright (c) 1983,2002 Borland Software Corporation
13215 lines, 0.12 seconds, 8510 bytes code, 8 bytes data.

Making visclx library units for Delphi 7

Compiling .dcu files...
Borland Delphi Version 15.0
Copyright (c) 1983,2002 Borland Software Corporation
6519 lines, 0.09 seconds, 11555 bytes code, 52 bytes data.

Making common library debug units for Delphi 7

Compiling .dcu files...
Borland Delphi Version 15.0
Copyright (c) 1983,2002 Borland Software Corporation
133824 lines, 0.62 seconds, 913 bytes code, 68 bytes data.

Making windows library debug units for Delphi 7

Compiling .dcu files...
Borland Delphi Version 15.0
Copyright (c) 1983,2002 Borland Software Corporation
127831 lines, 0.66 seconds, 47637 bytes code, 16736 bytes data.

Making vcl library debug units for Delphi 7

Compiling .dcu files...
Borland Delphi Version 15.0
Copyright (c) 1983,2002 Borland Software Corporation
13215 lines, 0.11 seconds, 10567 bytes code, 8 bytes data.

Making visclx library debug units for Delphi 7

Compiling .dcu files...
Borland Delphi Version 15.0
Copyright (c) 1983,2002 Borland Software Corporation
6519 lines, 0.08 seconds, 16501 bytes code, 52 bytes data.

Installing package C:\XMAKER~2\COMPON~1\JVCL300\Jcl\packages\d7\DJcl.dpk...
Borland Delphi Version 15.0
Copyright (c) 1983,2002 Borland Software Corporation
128 lines, 0.11 seconds, 762624 bytes code, 44057 bytes data.
...done.

Installing package C:\XMAKER~2\COMPON~1\JVCL300\Jcl\packages\d7\DJclVClx.dpk...
Borland Delphi Version 15.0
Copyright (c) 1983,2002 Borland Software Corporation
51 lines, 0.05 seconds, 25356 bytes code, 585 bytes data.
...done.

Installing package C:\XMAKER~2\COMPON~1\JVCL300\Jcl\packages\d7\DJclVcl.dpk...
Borland Delphi Version 15.0
Copyright (c) 1983,2002 Borland Software Corporation
53 lines, 0.05 seconds, 70260 bytes code, 893 bytes data.
...done.

Installing package C:\XMAKER~2\COMPON~1\JVCL300\Jcl\examples\vcl\debugextension\JclDebugIdeD70.dpk...
Borland Delphi Version 15.0
Copyright (c) 1983,2002 Borland Software Corporation
3936 lines, 0.05 seconds, 15700 bytes code, 157 bytes data.
...done.

Installing package C:\XMAKER~2\COMPON~1\JVCL300\Jcl\examples\vcl\projectanalyzer\ProjectAnalyzerD70.dpk...
Borland Delphi Version 15.0
Copyright (c) 1983,2002 Borland Software Corporation
3851 lines, 0.05 seconds, 17836 bytes code, 157 bytes data.
...done.

Installing package C:\XMAKER~2\COMPON~1\JVCL300\Jcl\examples\vcl\idefavopendialogs\IdeOpenDlgFavoriteD70.dpk...
Borland Delphi Version 15.0
Copyright (c) 1983,2002 Borland Software Corporation
4896 lines, 0.05 seconds, 10192 bytes code, 169 bytes data.
...done.

Installing Exception Dialog...
-> C:\XMAKER~2\COMPON~1\JVCL300\JCL\EXAMPLES\VCL\DEBUGE~1\DIALOG\EXCEPTDLG.PAS
-> C:\XMAKER~2\COMPON~1\JVCL300\JCL\EXAMPLES\VCL\DEBUGE~1\DIALOG\EXCEPTDLG.ico
...done.

Installing Exception Dialog with Send...
-> C:\XMAKER~2\COMPON~1\JVCL300\JCL\EXAMPLES\VCL\DEBUGE~1\DIALOG\EXCEPTDLGMAIL.PAS
-> C:\XMAKER~2\COMPON~1\JVCL300\JCL\EXAMPLES\VCL\DEBUGE~1\DIALOG\EXCEPTDLGMAIL.ico
...done.

Installing CLX Exception Dialog...
-> C:\XMAKER~2\COMPON~1\JVCL300\JCL\EXAMPLES\VCL\DEBUGE~1\DIALOG\CLXEXCEPTDLG.PAS
-> C:\XMAKER~2\COMPON~1\JVCL300\JCL\EXAMPLES\VCL\DEBUGE~1\DIALOG\CLXEXCEPTDLG.ico
...done.

